[2019-02-21 00:14:05,207] INFO Reading configuration from: ./config/zoo/zookeeper_alone.properties (org.apache.zookeeper.server.quorum.QuorumPeerConfig)
[2019-02-21 00:14:05,210] INFO autopurge.snapRetainCount set to 3 (org.apache.zookeeper.server.DatadirCleanupManager)
[2019-02-21 00:14:05,210] INFO autopurge.purgeInterval set to 0 (org.apache.zookeeper.server.DatadirCleanupManager)
[2019-02-21 00:14:05,210] INFO Purge task is not scheduled. (org.apache.zookeeper.server.DatadirCleanupManager)
[2019-02-21 00:14:05,210] WARN Either no config or no quorum defined in config, running  in standalone mode (org.apache.zookeeper.server.quorum.QuorumPeerMain)
[2019-02-21 00:14:05,225] INFO Reading configuration from: ./config/zoo/zookeeper_alone.properties (org.apache.zookeeper.server.quorum.QuorumPeerConfig)
[2019-02-21 00:14:05,226] INFO Starting server (org.apache.zookeeper.server.ZooKeeperServerMain)
[2019-02-21 00:14:05,245] INFO Server environment:zookeeper.version=3.4.13-2d71af4dbe22557fda74f9a9b4309b15a7487f03, built on 06/29/2018 00:39 GMT (org.apache.zookeeper.server.ZooKeeperServer)
[2019-02-21 00:14:05,246] INFO Server environment:host.name=dhcp-231-038.eduroam.muni.cz (org.apache.zookeeper.server.ZooKeeperServer)
[2019-02-21 00:14:05,246] INFO Server environment:java.version=1.8.0_162 (org.apache.zookeeper.server.ZooKeeperServer)
[2019-02-21 00:14:05,246] INFO Server environment:java.vendor=Oracle Corporation (org.apache.zookeeper.server.ZooKeeperServer)
[2019-02-21 00:14:05,246] INFO Server environment:java.home=/Library/Java/JavaVirtualMachines/jdk1.8.0_162.jdk/Contents/Home/jre (org.apache.zookeeper.server.ZooKeeperServer)
[2019-02-21 00:14:05,246] INFO Server environment:java.class.path=/Users/milossilhar/Documents/diplomka-git/truck-manager/kafka/bin/../libs/activation-1.1.1.jar:/Users/milossilhar/Documents/diplomka-git/truck-manager/kafka/bin/../libs/aopalliance-repackaged-2.5.0-b42.jar:/Users/milossilhar/Documents/diplomka-git/truck-manager/kafka/bin/../libs/argparse4j-0.7.0.jar:/Users/milossilhar/Documents/diplomka-git/truck-manager/kafka/bin/../libs/audience-annotations-0.5.0.jar:/Users/milossilhar/Documents/diplomka-git/truck-manager/kafka/bin/../libs/commons-lang3-3.8.1.jar:/Users/milossilhar/Documents/diplomka-git/truck-manager/kafka/bin/../libs/connect-api-2.1.1.jar:/Users/milossilhar/Documents/diplomka-git/truck-manager/kafka/bin/../libs/connect-basic-auth-extension-2.1.1.jar:/Users/milossilhar/Documents/diplomka-git/truck-manager/kafka/bin/../libs/connect-file-2.1.1.jar:/Users/milossilhar/Documents/diplomka-git/truck-manager/kafka/bin/../libs/connect-json-2.1.1.jar:/Users/milossilhar/Documents/diplomka-git/truck-manager/kafka/bin/../libs/connect-runtime-2.1.1.jar:/Users/milossilhar/Documents/diplomka-git/truck-manager/kafka/bin/../libs/connect-transforms-2.1.1.jar:/Users/milossilhar/Documents/diplomka-git/truck-manager/kafka/bin/../libs/guava-20.0.jar:/Users/milossilhar/Documents/diplomka-git/truck-manager/kafka/bin/../libs/hk2-api-2.5.0-b42.jar:/Users/milossilhar/Documents/diplomka-git/truck-manager/kafka/bin/../libs/hk2-locator-2.5.0-b42.jar:/Users/milossilhar/Documents/diplomka-git/truck-manager/kafka/bin/../libs/hk2-utils-2.5.0-b42.jar:/Users/milossilhar/Documents/diplomka-git/truck-manager/kafka/bin/../libs/jackson-annotations-2.9.8.jar:/Users/milossilhar/Documents/diplomka-git/truck-manager/kafka/bin/../libs/jackson-core-2.9.8.jar:/Users/milossilhar/Documents/diplomka-git/truck-manager/kafka/bin/../libs/jackson-databind-2.9.8.jar:/Users/milossilhar/Documents/diplomka-git/truck-manager/kafka/bin/../libs/jackson-jaxrs-base-2.9.8.jar:/Users/milossilhar/Documents/diplomka-git/truck-manager/kafka/bin/../libs/jackson-jaxrs-json-provider-2.9.8.jar:/Users/milossilhar/Documents/diplomka-git/truck-manager/kafka/bin/../libs/jackson-module-jaxb-annotations-2.9.8.jar:/Users/milossilhar/Documents/diplomka-git/truck-manager/kafka/bin/../libs/javassist-3.22.0-CR2.jar:/Users/milossilhar/Documents/diplomka-git/truck-manager/kafka/bin/../libs/javax.annotation-api-1.2.jar:/Users/milossilhar/Documents/diplomka-git/truck-manager/kafka/bin/../libs/javax.inject-1.jar:/Users/milossilhar/Documents/diplomka-git/truck-manager/kafka/bin/../libs/javax.inject-2.5.0-b42.jar:/Users/milossilhar/Documents/diplomka-git/truck-manager/kafka/bin/../libs/javax.servlet-api-3.1.0.jar:/Users/milossilhar/Documents/diplomka-git/truck-manager/kafka/bin/../libs/javax.ws.rs-api-2.1.1.jar:/Users/milossilhar/Documents/diplomka-git/truck-manager/kafka/bin/../libs/javax.ws.rs-api-2.1.jar:/Users/milossilhar/Documents/diplomka-git/truck-manager/kafka/bin/../libs/jaxb-api-2.3.0.jar:/Users/milossilhar/Documents/diplomka-git/truck-manager/kafka/bin/../libs/jersey-client-2.27.jar:/Users/milossilhar/Documents/diplomka-git/truck-manager/kafka/bin/../libs/jersey-common-2.27.jar:/Users/milossilhar/Documents/diplomka-git/truck-manager/kafka/bin/../libs/jersey-container-servlet-2.27.jar:/Users/milossilhar/Documents/diplomka-git/truck-manager/kafka/bin/../libs/jersey-container-servlet-core-2.27.jar:/Users/milossilhar/Documents/diplomka-git/truck-manager/kafka/bin/../libs/jersey-hk2-2.27.jar:/Users/milossilhar/Documents/diplomka-git/truck-manager/kafka/bin/../libs/jersey-media-jaxb-2.27.jar:/Users/milossilhar/Documents/diplomka-git/truck-manager/kafka/bin/../libs/jersey-server-2.27.jar:/Users/milossilhar/Documents/diplomka-git/truck-manager/kafka/bin/../libs/jetty-client-9.4.12.v20180830.jar:/Users/milossilhar/Documents/diplomka-git/truck-manager/kafka/bin/../libs/jetty-continuation-9.4.12.v20180830.jar:/Users/milossilhar/Documents/diplomka-git/truck-manager/kafka/bin/../libs/jetty-http-9.4.12.v20180830.jar:/Users/milossilhar/Documents/diplomka-git/truck-manager/kafka/bin/../libs/jetty-io-9.4.12.v20180830.jar:/Users/milossilhar/Documents/diplomka-git/truck-manager/kafka/bin/../libs/jetty-security-9.4.12.v20180830.jar:/Users/milossilhar/Documents/diplomka-git/truck-manager/kafka/bin/../libs/jetty-server-9.4.12.v20180830.jar:/Users/milossilhar/Documents/diplomka-git/truck-manager/kafka/bin/../libs/jetty-servlet-9.4.12.v20180830.jar:/Users/milossilhar/Documents/diplomka-git/truck-manager/kafka/bin/../libs/jetty-servlets-9.4.12.v20180830.jar:/Users/milossilhar/Documents/diplomka-git/truck-manager/kafka/bin/../libs/jetty-util-9.4.12.v20180830.jar:/Users/milossilhar/Documents/diplomka-git/truck-manager/kafka/bin/../libs/jopt-simple-5.0.4.jar:/Users/milossilhar/Documents/diplomka-git/truck-manager/kafka/bin/../libs/kafka-clients-2.1.1.jar:/Users/milossilhar/Documents/diplomka-git/truck-manager/kafka/bin/../libs/kafka-log4j-appender-2.1.1.jar:/Users/milossilhar/Documents/diplomka-git/truck-manager/kafka/bin/../libs/kafka-streams-2.1.1.jar:/Users/milossilhar/Documents/diplomka-git/truck-manager/kafka/bin/../libs/kafka-streams-examples-2.1.1.jar:/Users/milossilhar/Documents/diplomka-git/truck-manager/kafka/bin/../libs/kafka-streams-scala_2.11-2.1.1.jar:/Users/milossilhar/Documents/diplomka-git/truck-manager/kafka/bin/../libs/kafka-streams-test-utils-2.1.1.jar:/Users/milossilhar/Documents/diplomka-git/truck-manager/kafka/bin/../libs/kafka-tools-2.1.1.jar:/Users/milossilhar/Documents/diplomka-git/truck-manager/kafka/bin/../libs/kafka_2.11-2.1.1-sources.jar:/Users/milossilhar/Documents/diplomka-git/truck-manager/kafka/bin/../libs/kafka_2.11-2.1.1.jar:/Users/milossilhar/Documents/diplomka-git/truck-manager/kafka/bin/../libs/log4j-1.2.17.jar:/Users/milossilhar/Documents/diplomka-git/truck-manager/kafka/bin/../libs/lz4-java-1.5.0.jar:/Users/milossilhar/Documents/diplomka-git/truck-manager/kafka/bin/../libs/maven-artifact-3.6.0.jar:/Users/milossilhar/Documents/diplomka-git/truck-manager/kafka/bin/../libs/metrics-core-2.2.0.jar:/Users/milossilhar/Documents/diplomka-git/truck-manager/kafka/bin/../libs/osgi-resource-locator-1.0.1.jar:/Users/milossilhar/Documents/diplomka-git/truck-manager/kafka/bin/../libs/plexus-utils-3.1.0.jar:/Users/milossilhar/Documents/diplomka-git/truck-manager/kafka/bin/../libs/reflections-0.9.11.jar:/Users/milossilhar/Documents/diplomka-git/truck-manager/kafka/bin/../libs/rocksdbjni-5.14.2.jar:/Users/milossilhar/Documents/diplomka-git/truck-manager/kafka/bin/../libs/scala-library-2.11.12.jar:/Users/milossilhar/Documents/diplomka-git/truck-manager/kafka/bin/../libs/scala-logging_2.11-3.9.0.jar:/Users/milossilhar/Documents/diplomka-git/truck-manager/kafka/bin/../libs/scala-reflect-2.11.12.jar:/Users/milossilhar/Documents/diplomka-git/truck-manager/kafka/bin/../libs/slf4j-api-1.7.25.jar:/Users/milossilhar/Documents/diplomka-git/truck-manager/kafka/bin/../libs/slf4j-log4j12-1.7.25.jar:/Users/milossilhar/Documents/diplomka-git/truck-manager/kafka/bin/../libs/snappy-java-1.1.7.2.jar:/Users/milossilhar/Documents/diplomka-git/truck-manager/kafka/bin/../libs/validation-api-1.1.0.Final.jar:/Users/milossilhar/Documents/diplomka-git/truck-manager/kafka/bin/../libs/zkclient-0.11.jar:/Users/milossilhar/Documents/diplomka-git/truck-manager/kafka/bin/../libs/zookeeper-3.4.13.jar:/Users/milossilhar/Documents/diplomka-git/truck-manager/kafka/bin/../libs/zstd-jni-1.3.7-1.jar (org.apache.zookeeper.server.ZooKeeperServer)
[2019-02-21 00:14:05,247] INFO Server environment:java.library.path=/Users/milossilhar/Library/Java/Extensions:/Library/Java/Extensions:/Network/Library/Java/Extensions:/System/Library/Java/Extensions:/usr/lib/java:. (org.apache.zookeeper.server.ZooKeeperServer)
[2019-02-21 00:14:05,247] INFO Server environment:java.io.tmpdir=/var/folders/4p/9t84dqyn46d498lqfyb01vkc0000gn/T/ (org.apache.zookeeper.server.ZooKeeperServer)
[2019-02-21 00:14:05,247] INFO Server environment:java.compiler=<NA> (org.apache.zookeeper.server.ZooKeeperServer)
[2019-02-21 00:14:05,247] INFO Server environment:os.name=Mac OS X (org.apache.zookeeper.server.ZooKeeperServer)
[2019-02-21 00:14:05,247] INFO Server environment:os.arch=x86_64 (org.apache.zookeeper.server.ZooKeeperServer)
[2019-02-21 00:14:05,247] INFO Server environment:os.version=10.14.2 (org.apache.zookeeper.server.ZooKeeperServer)
[2019-02-21 00:14:05,247] INFO Server environment:user.name=milossilhar (org.apache.zookeeper.server.ZooKeeperServer)
[2019-02-21 00:14:05,247] INFO Server environment:user.home=/Users/milossilhar (org.apache.zookeeper.server.ZooKeeperServer)
[2019-02-21 00:14:05,247] INFO Server environment:user.dir=/Users/milossilhar/Documents/diplomka-git/truck-manager/kafka (org.apache.zookeeper.server.ZooKeeperServer)
[2019-02-21 00:14:05,256] INFO tickTime set to 2000 (org.apache.zookeeper.server.ZooKeeperServer)
[2019-02-21 00:14:05,256] INFO minSessionTimeout set to -1 (org.apache.zookeeper.server.ZooKeeperServer)
[2019-02-21 00:14:05,256] INFO maxSessionTimeout set to -1 (org.apache.zookeeper.server.ZooKeeperServer)
[2019-02-21 00:14:05,268] INFO Using org.apache.zookeeper.server.NIOServerCnxnFactory as server connection factory (org.apache.zookeeper.server.ServerCnxnFactory)
[2019-02-21 00:14:05,282] INFO binding to port 0.0.0.0/0.0.0.0:2181 (org.apache.zookeeper.server.NIOServerCnxnFactory)
[2019-02-21 00:14:11,655] INFO Accepted socket connection from /0:0:0:0:0:0:0:1:59105 (org.apache.zookeeper.server.NIOServerCnxnFactory)
[2019-02-21 00:14:11,667] INFO Client attempting to establish new session at /0:0:0:0:0:0:0:1:59105 (org.apache.zookeeper.server.ZooKeeperServer)
[2019-02-21 00:14:11,670] INFO Creating new log file: log.1 (org.apache.zookeeper.server.persistence.FileTxnLog)
[2019-02-21 00:14:11,688] INFO Established session 0x1000c6938580000 with negotiated timeout 6000 for client /0:0:0:0:0:0:0:1:59105 (org.apache.zookeeper.server.ZooKeeperServer)
[2019-02-21 00:14:11,806] INFO Got user-level KeeperException when processing sessionid:0x1000c6938580000 type:create cxid:0x2 zxid:0x3 txntype:-1 reqpath:n/a Error Path:/brokers Error:KeeperErrorCode = NoNode for /brokers (org.apache.zookeeper.server.PrepRequestProcessor)
[2019-02-21 00:14:11,815] INFO Got user-level KeeperException when processing sessionid:0x1000c6938580000 type:create cxid:0x6 zxid:0x7 txntype:-1 reqpath:n/a Error Path:/config Error:KeeperErrorCode = NoNode for /config (org.apache.zookeeper.server.PrepRequestProcessor)
[2019-02-21 00:14:11,820] INFO Got user-level KeeperException when processing sessionid:0x1000c6938580000 type:create cxid:0x9 zxid:0xa txntype:-1 reqpath:n/a Error Path:/admin Error:KeeperErrorCode = NoNode for /admin (org.apache.zookeeper.server.PrepRequestProcessor)
[2019-02-21 00:14:12,085] INFO Got user-level KeeperException when processing sessionid:0x1000c6938580000 type:create cxid:0x15 zxid:0x15 txntype:-1 reqpath:n/a Error Path:/cluster Error:KeeperErrorCode = NoNode for /cluster (org.apache.zookeeper.server.PrepRequestProcessor)
[2019-02-21 00:14:12,442] INFO Accepted socket connection from /127.0.0.1:59115 (org.apache.zookeeper.server.NIOServerCnxnFactory)
[2019-02-21 00:14:12,452] INFO Client attempting to establish new session at /127.0.0.1:59115 (org.apache.zookeeper.server.ZooKeeperServer)
[2019-02-21 00:14:12,453] INFO Established session 0x1000c6938580001 with negotiated timeout 6000 for client /127.0.0.1:59115 (org.apache.zookeeper.server.ZooKeeperServer)
[2019-02-21 00:14:12,537] INFO Got user-level KeeperException when processing sessionid:0x1000c6938580001 type:create cxid:0x1 zxid:0x19 txntype:-1 reqpath:n/a Error Path:/consumers Error:KeeperErrorCode = NodeExists for /consumers (org.apache.zookeeper.server.PrepRequestProcessor)
[2019-02-21 00:14:12,549] INFO Got user-level KeeperException when processing sessionid:0x1000c6938580001 type:create cxid:0x2 zxid:0x1a txntype:-1 reqpath:n/a Error Path:/brokers/ids Error:KeeperErrorCode = NodeExists for /brokers/ids (org.apache.zookeeper.server.PrepRequestProcessor)
[2019-02-21 00:14:12,551] INFO Got user-level KeeperException when processing sessionid:0x1000c6938580001 type:create cxid:0x3 zxid:0x1b txntype:-1 reqpath:n/a Error Path:/brokers/topics Error:KeeperErrorCode = NodeExists for /brokers/topics (org.apache.zookeeper.server.PrepRequestProcessor)
[2019-02-21 00:14:12,553] INFO Got user-level KeeperException when processing sessionid:0x1000c6938580001 type:create cxid:0x4 zxid:0x1c txntype:-1 reqpath:n/a Error Path:/config/changes Error:KeeperErrorCode = NodeExists for /config/changes (org.apache.zookeeper.server.PrepRequestProcessor)
[2019-02-21 00:14:12,554] INFO Got user-level KeeperException when processing sessionid:0x1000c6938580001 type:create cxid:0x5 zxid:0x1d txntype:-1 reqpath:n/a Error Path:/admin/delete_topics Error:KeeperErrorCode = NodeExists for /admin/delete_topics (org.apache.zookeeper.server.PrepRequestProcessor)
[2019-02-21 00:14:12,556] INFO Got user-level KeeperException when processing sessionid:0x1000c6938580001 type:create cxid:0x6 zxid:0x1e txntype:-1 reqpath:n/a Error Path:/brokers/seqid Error:KeeperErrorCode = NodeExists for /brokers/seqid (org.apache.zookeeper.server.PrepRequestProcessor)
[2019-02-21 00:14:12,557] INFO Got user-level KeeperException when processing sessionid:0x1000c6938580001 type:create cxid:0x7 zxid:0x1f txntype:-1 reqpath:n/a Error Path:/isr_change_notification Error:KeeperErrorCode = NodeExists for /isr_change_notification (org.apache.zookeeper.server.PrepRequestProcessor)
[2019-02-21 00:14:12,559] INFO Got user-level KeeperException when processing sessionid:0x1000c6938580001 type:create cxid:0x8 zxid:0x20 txntype:-1 reqpath:n/a Error Path:/latest_producer_id_block Error:KeeperErrorCode = NodeExists for /latest_producer_id_block (org.apache.zookeeper.server.PrepRequestProcessor)
[2019-02-21 00:14:12,561] INFO Got user-level KeeperException when processing sessionid:0x1000c6938580001 type:create cxid:0x9 zxid:0x21 txntype:-1 reqpath:n/a Error Path:/log_dir_event_notification Error:KeeperErrorCode = NodeExists for /log_dir_event_notification (org.apache.zookeeper.server.PrepRequestProcessor)
[2019-02-21 00:14:12,563] INFO Got user-level KeeperException when processing sessionid:0x1000c6938580001 type:create cxid:0xa zxid:0x22 txntype:-1 reqpath:n/a Error Path:/config/topics Error:KeeperErrorCode = NodeExists for /config/topics (org.apache.zookeeper.server.PrepRequestProcessor)
[2019-02-21 00:14:12,565] INFO Got user-level KeeperException when processing sessionid:0x1000c6938580001 type:create cxid:0xb zxid:0x23 txntype:-1 reqpath:n/a Error Path:/config/clients Error:KeeperErrorCode = NodeExists for /config/clients (org.apache.zookeeper.server.PrepRequestProcessor)
[2019-02-21 00:14:12,566] INFO Got user-level KeeperException when processing sessionid:0x1000c6938580001 type:create cxid:0xc zxid:0x24 txntype:-1 reqpath:n/a Error Path:/config/users Error:KeeperErrorCode = NodeExists for /config/users (org.apache.zookeeper.server.PrepRequestProcessor)
[2019-02-21 00:14:12,568] INFO Got user-level KeeperException when processing sessionid:0x1000c6938580001 type:create cxid:0xd zxid:0x25 txntype:-1 reqpath:n/a Error Path:/config/brokers Error:KeeperErrorCode = NodeExists for /config/brokers (org.apache.zookeeper.server.PrepRequestProcessor)
[2019-02-21 00:14:13,194] INFO Got user-level KeeperException when processing sessionid:0x1000c6938580000 type:multi cxid:0x30 zxid:0x2a txntype:-1 reqpath:n/a aborting remaining multi ops. Error Path:/admin/reassign_partitions Error:KeeperErrorCode = NoNode for /admin/reassign_partitions (org.apache.zookeeper.server.PrepRequestProcessor)
[2019-02-21 00:14:13,204] INFO Got user-level KeeperException when processing sessionid:0x1000c6938580000 type:multi cxid:0x32 zxid:0x2b txntype:-1 reqpath:n/a aborting remaining multi ops. Error Path:/admin/preferred_replica_election Error:KeeperErrorCode = NoNode for /admin/preferred_replica_election (org.apache.zookeeper.server.PrepRequestProcessor)
[2019-02-21 00:14:13,423] INFO Accepted socket connection from /127.0.0.1:59127 (org.apache.zookeeper.server.NIOServerCnxnFactory)
[2019-02-21 00:14:13,432] INFO Client attempting to establish new session at /127.0.0.1:59127 (org.apache.zookeeper.server.ZooKeeperServer)
[2019-02-21 00:14:13,433] INFO Established session 0x1000c6938580002 with negotiated timeout 6000 for client /127.0.0.1:59127 (org.apache.zookeeper.server.ZooKeeperServer)
[2019-02-21 00:14:13,514] INFO Got user-level KeeperException when processing sessionid:0x1000c6938580002 type:create cxid:0x1 zxid:0x2d txntype:-1 reqpath:n/a Error Path:/consumers Error:KeeperErrorCode = NodeExists for /consumers (org.apache.zookeeper.server.PrepRequestProcessor)
[2019-02-21 00:14:13,525] INFO Got user-level KeeperException when processing sessionid:0x1000c6938580002 type:create cxid:0x2 zxid:0x2e txntype:-1 reqpath:n/a Error Path:/brokers/ids Error:KeeperErrorCode = NodeExists for /brokers/ids (org.apache.zookeeper.server.PrepRequestProcessor)
[2019-02-21 00:14:13,527] INFO Got user-level KeeperException when processing sessionid:0x1000c6938580002 type:create cxid:0x3 zxid:0x2f txntype:-1 reqpath:n/a Error Path:/brokers/topics Error:KeeperErrorCode = NodeExists for /brokers/topics (org.apache.zookeeper.server.PrepRequestProcessor)
[2019-02-21 00:14:13,528] INFO Got user-level KeeperException when processing sessionid:0x1000c6938580002 type:create cxid:0x4 zxid:0x30 txntype:-1 reqpath:n/a Error Path:/config/changes Error:KeeperErrorCode = NodeExists for /config/changes (org.apache.zookeeper.server.PrepRequestProcessor)
[2019-02-21 00:14:13,530] INFO Got user-level KeeperException when processing sessionid:0x1000c6938580002 type:create cxid:0x5 zxid:0x31 txntype:-1 reqpath:n/a Error Path:/admin/delete_topics Error:KeeperErrorCode = NodeExists for /admin/delete_topics (org.apache.zookeeper.server.PrepRequestProcessor)
[2019-02-21 00:14:13,532] INFO Got user-level KeeperException when processing sessionid:0x1000c6938580002 type:create cxid:0x6 zxid:0x32 txntype:-1 reqpath:n/a Error Path:/brokers/seqid Error:KeeperErrorCode = NodeExists for /brokers/seqid (org.apache.zookeeper.server.PrepRequestProcessor)
[2019-02-21 00:14:13,534] INFO Got user-level KeeperException when processing sessionid:0x1000c6938580002 type:create cxid:0x7 zxid:0x33 txntype:-1 reqpath:n/a Error Path:/isr_change_notification Error:KeeperErrorCode = NodeExists for /isr_change_notification (org.apache.zookeeper.server.PrepRequestProcessor)
[2019-02-21 00:14:13,536] INFO Got user-level KeeperException when processing sessionid:0x1000c6938580002 type:create cxid:0x8 zxid:0x34 txntype:-1 reqpath:n/a Error Path:/latest_producer_id_block Error:KeeperErrorCode = NodeExists for /latest_producer_id_block (org.apache.zookeeper.server.PrepRequestProcessor)
[2019-02-21 00:14:13,538] INFO Got user-level KeeperException when processing sessionid:0x1000c6938580002 type:create cxid:0x9 zxid:0x35 txntype:-1 reqpath:n/a Error Path:/log_dir_event_notification Error:KeeperErrorCode = NodeExists for /log_dir_event_notification (org.apache.zookeeper.server.PrepRequestProcessor)
[2019-02-21 00:14:13,541] INFO Got user-level KeeperException when processing sessionid:0x1000c6938580002 type:create cxid:0xa zxid:0x36 txntype:-1 reqpath:n/a Error Path:/config/topics Error:KeeperErrorCode = NodeExists for /config/topics (org.apache.zookeeper.server.PrepRequestProcessor)
[2019-02-21 00:14:13,545] INFO Got user-level KeeperException when processing sessionid:0x1000c6938580002 type:create cxid:0xb zxid:0x37 txntype:-1 reqpath:n/a Error Path:/config/clients Error:KeeperErrorCode = NodeExists for /config/clients (org.apache.zookeeper.server.PrepRequestProcessor)
[2019-02-21 00:14:13,547] INFO Got user-level KeeperException when processing sessionid:0x1000c6938580002 type:create cxid:0xc zxid:0x38 txntype:-1 reqpath:n/a Error Path:/config/users Error:KeeperErrorCode = NodeExists for /config/users (org.apache.zookeeper.server.PrepRequestProcessor)
[2019-02-21 00:14:13,549] INFO Got user-level KeeperException when processing sessionid:0x1000c6938580002 type:create cxid:0xd zxid:0x39 txntype:-1 reqpath:n/a Error Path:/config/brokers Error:KeeperErrorCode = NodeExists for /config/brokers (org.apache.zookeeper.server.PrepRequestProcessor)
[2019-02-21 00:14:17,911] INFO Accepted socket connection from /0:0:0:0:0:0:0:1:59153 (org.apache.zookeeper.server.NIOServerCnxnFactory)
[2019-02-21 00:14:17,919] INFO Client attempting to establish new session at /0:0:0:0:0:0:0:1:59153 (org.apache.zookeeper.server.ZooKeeperServer)
[2019-02-21 00:14:17,920] INFO Established session 0x1000c6938580003 with negotiated timeout 30000 for client /0:0:0:0:0:0:0:1:59153 (org.apache.zookeeper.server.ZooKeeperServer)
[2019-02-21 00:14:18,187] INFO Got user-level KeeperException when processing sessionid:0x1000c6938580003 type:setData cxid:0x7 zxid:0x3f txntype:-1 reqpath:n/a Error Path:/config/topics/auth_keys Error:KeeperErrorCode = NoNode for /config/topics/auth_keys (org.apache.zookeeper.server.PrepRequestProcessor)
[2019-02-21 00:14:18,233] INFO Processed session termination for sessionid: 0x1000c6938580003 (org.apache.zookeeper.server.PrepRequestProcessor)
[2019-02-21 00:14:18,237] INFO Closed socket connection for client /0:0:0:0:0:0:0:1:59153 which had sessionid 0x1000c6938580003 (org.apache.zookeeper.server.NIOServerCnxn)
[2019-02-21 00:14:20,606] INFO Accepted socket connection from /127.0.0.1:59169 (org.apache.zookeeper.server.NIOServerCnxnFactory)
[2019-02-21 00:14:20,614] INFO Client attempting to establish new session at /127.0.0.1:59169 (org.apache.zookeeper.server.ZooKeeperServer)
[2019-02-21 00:14:20,615] INFO Established session 0x1000c6938580004 with negotiated timeout 30000 for client /127.0.0.1:59169 (org.apache.zookeeper.server.ZooKeeperServer)
[2019-02-21 00:14:20,866] INFO Got user-level KeeperException when processing sessionid:0x1000c6938580004 type:setData cxid:0x6 zxid:0x51 txntype:-1 reqpath:n/a Error Path:/config/topics/company-ibm Error:KeeperErrorCode = NoNode for /config/topics/company-ibm (org.apache.zookeeper.server.PrepRequestProcessor)
[2019-02-21 00:14:20,932] INFO Processed session termination for sessionid: 0x1000c6938580004 (org.apache.zookeeper.server.PrepRequestProcessor)
[2019-02-21 00:14:20,940] INFO Closed socket connection for client /127.0.0.1:59169 which had sessionid 0x1000c6938580004 (org.apache.zookeeper.server.NIOServerCnxn)
[2019-02-21 00:14:22,650] INFO Accepted socket connection from /0:0:0:0:0:0:0:1:59179 (org.apache.zookeeper.server.NIOServerCnxnFactory)
[2019-02-21 00:14:22,658] INFO Client attempting to establish new session at /0:0:0:0:0:0:0:1:59179 (org.apache.zookeeper.server.ZooKeeperServer)
[2019-02-21 00:14:22,660] INFO Established session 0x1000c6938580005 with negotiated timeout 30000 for client /0:0:0:0:0:0:0:1:59179 (org.apache.zookeeper.server.ZooKeeperServer)
[2019-02-21 00:14:22,907] INFO Got user-level KeeperException when processing sessionid:0x1000c6938580005 type:setData cxid:0x6 zxid:0x63 txntype:-1 reqpath:n/a Error Path:/config/topics/company-ups Error:KeeperErrorCode = NoNode for /config/topics/company-ups (org.apache.zookeeper.server.PrepRequestProcessor)
[2019-02-21 00:14:23,115] INFO Processed session termination for sessionid: 0x1000c6938580005 (org.apache.zookeeper.server.PrepRequestProcessor)
[2019-02-21 00:14:23,118] INFO Closed socket connection for client /0:0:0:0:0:0:0:1:59179 which had sessionid 0x1000c6938580005 (org.apache.zookeeper.server.NIOServerCnxn)
[2019-02-21 00:14:24,737] INFO Accepted socket connection from /0:0:0:0:0:0:0:1:59190 (org.apache.zookeeper.server.NIOServerCnxnFactory)
[2019-02-21 00:14:24,746] INFO Client attempting to establish new session at /0:0:0:0:0:0:0:1:59190 (org.apache.zookeeper.server.ZooKeeperServer)
[2019-02-21 00:14:24,748] INFO Established session 0x1000c6938580006 with negotiated timeout 30000 for client /0:0:0:0:0:0:0:1:59190 (org.apache.zookeeper.server.ZooKeeperServer)
[2019-02-21 00:14:24,992] INFO Got user-level KeeperException when processing sessionid:0x1000c6938580006 type:setData cxid:0x6 zxid:0x75 txntype:-1 reqpath:n/a Error Path:/config/topics/company-usb Error:KeeperErrorCode = NoNode for /config/topics/company-usb (org.apache.zookeeper.server.PrepRequestProcessor)
[2019-02-21 00:14:25,043] INFO Processed session termination for sessionid: 0x1000c6938580006 (org.apache.zookeeper.server.PrepRequestProcessor)
[2019-02-21 00:14:25,050] INFO Closed socket connection for client /0:0:0:0:0:0:0:1:59190 which had sessionid 0x1000c6938580006 (org.apache.zookeeper.server.NIOServerCnxn)
[2019-02-21 00:14:26,669] INFO Accepted socket connection from /127.0.0.1:59200 (org.apache.zookeeper.server.NIOServerCnxnFactory)
[2019-02-21 00:14:26,677] INFO Client attempting to establish new session at /127.0.0.1:59200 (org.apache.zookeeper.server.ZooKeeperServer)
[2019-02-21 00:14:26,678] INFO Established session 0x1000c6938580007 with negotiated timeout 30000 for client /127.0.0.1:59200 (org.apache.zookeeper.server.ZooKeeperServer)
[2019-02-21 00:14:26,921] INFO Got user-level KeeperException when processing sessionid:0x1000c6938580007 type:setData cxid:0x6 zxid:0x87 txntype:-1 reqpath:n/a Error Path:/config/topics/company-telekom Error:KeeperErrorCode = NoNode for /config/topics/company-telekom (org.apache.zookeeper.server.PrepRequestProcessor)
[2019-02-21 00:14:26,969] INFO Processed session termination for sessionid: 0x1000c6938580007 (org.apache.zookeeper.server.PrepRequestProcessor)
[2019-02-21 00:14:26,972] INFO Closed socket connection for client /127.0.0.1:59200 which had sessionid 0x1000c6938580007 (org.apache.zookeeper.server.NIOServerCnxn)
[2019-02-21 00:14:52,237] INFO Got user-level KeeperException when processing sessionid:0x1000c6938580000 type:setData cxid:0xb5 zxid:0x98 txntype:-1 reqpath:n/a Error Path:/config/topics/__consumer_offsets Error:KeeperErrorCode = NoNode for /config/topics/__consumer_offsets (org.apache.zookeeper.server.PrepRequestProcessor)
[2019-02-21 11:58:00,832] INFO Expiring session 0x1000c6938580002, timeout of 6000ms exceeded (org.apache.zookeeper.server.ZooKeeperServer)
[2019-02-21 11:58:00,891] WARN Unable to read additional data from client sessionid 0x1000c6938580002, likely client has closed socket (org.apache.zookeeper.server.NIOServerCnxn)
[2019-02-21 11:58:00,911] INFO Expiring session 0x1000c6938580000, timeout of 6000ms exceeded (org.apache.zookeeper.server.ZooKeeperServer)
[2019-02-21 11:58:00,911] INFO Expiring session 0x1000c6938580001, timeout of 6000ms exceeded (org.apache.zookeeper.server.ZooKeeperServer)
[2019-02-21 11:58:00,919] INFO Processed session termination for sessionid: 0x1000c6938580002 (org.apache.zookeeper.server.PrepRequestProcessor)
[2019-02-21 11:58:00,921] INFO Processed session termination for sessionid: 0x1000c6938580000 (org.apache.zookeeper.server.PrepRequestProcessor)
[2019-02-21 11:58:00,932] INFO Processed session termination for sessionid: 0x1000c6938580001 (org.apache.zookeeper.server.PrepRequestProcessor)
[2019-02-21 11:58:00,932] INFO Closed socket connection for client /127.0.0.1:59127 which had sessionid 0x1000c6938580002 (org.apache.zookeeper.server.NIOServerCnxn)
[2019-02-21 11:58:00,934] WARN Unable to read additional data from client sessionid 0x1000c6938580000, likely client has closed socket (org.apache.zookeeper.server.NIOServerCnxn)
[2019-02-21 11:58:00,936] INFO Closed socket connection for client /0:0:0:0:0:0:0:1:59105 which had sessionid 0x1000c6938580000 (org.apache.zookeeper.server.NIOServerCnxn)
[2019-02-21 11:58:00,937] WARN Unable to read additional data from client sessionid 0x1000c6938580001, likely client has closed socket (org.apache.zookeeper.server.NIOServerCnxn)
[2019-02-21 11:58:00,937] INFO Closed socket connection for client /127.0.0.1:59115 which had sessionid 0x1000c6938580001 (org.apache.zookeeper.server.NIOServerCnxn)
[2019-02-21 11:58:02,187] INFO Accepted socket connection from /127.0.0.1:53179 (org.apache.zookeeper.server.NIOServerCnxnFactory)
[2019-02-21 11:58:02,207] INFO Client attempting to renew session 0x1000c6938580001 at /127.0.0.1:53179 (org.apache.zookeeper.server.ZooKeeperServer)
[2019-02-21 11:58:02,208] INFO Invalid session 0x1000c6938580001 for client /127.0.0.1:53179, probably expired (org.apache.zookeeper.server.ZooKeeperServer)
[2019-02-21 11:58:02,210] INFO Closed socket connection for client /127.0.0.1:53179 which had sessionid 0x1000c6938580001 (org.apache.zookeeper.server.NIOServerCnxn)
[2019-02-21 11:58:02,249] INFO Accepted socket connection from /0:0:0:0:0:0:0:1:53180 (org.apache.zookeeper.server.NIOServerCnxnFactory)
[2019-02-21 11:58:02,249] INFO Client attempting to establish new session at /0:0:0:0:0:0:0:1:53180 (org.apache.zookeeper.server.ZooKeeperServer)
[2019-02-21 11:58:02,262] INFO Established session 0x1000c6938580008 with negotiated timeout 6000 for client /0:0:0:0:0:0:0:1:53180 (org.apache.zookeeper.server.ZooKeeperServer)
[2019-02-21 11:58:02,816] INFO Accepted socket connection from /0:0:0:0:0:0:0:1:53181 (org.apache.zookeeper.server.NIOServerCnxnFactory)
[2019-02-21 11:58:02,824] INFO Client attempting to renew session 0x1000c6938580000 at /0:0:0:0:0:0:0:1:53181 (org.apache.zookeeper.server.ZooKeeperServer)
[2019-02-21 11:58:02,824] INFO Invalid session 0x1000c6938580000 for client /0:0:0:0:0:0:0:1:53181, probably expired (org.apache.zookeeper.server.ZooKeeperServer)
[2019-02-21 11:58:02,825] INFO Closed socket connection for client /0:0:0:0:0:0:0:1:53181 which had sessionid 0x1000c6938580000 (org.apache.zookeeper.server.NIOServerCnxn)
[2019-02-21 11:58:02,837] INFO Accepted socket connection from /127.0.0.1:53182 (org.apache.zookeeper.server.NIOServerCnxnFactory)
[2019-02-21 11:58:02,850] INFO Client attempting to renew session 0x1000c6938580002 at /127.0.0.1:53182 (org.apache.zookeeper.server.ZooKeeperServer)
[2019-02-21 11:58:02,850] INFO Invalid session 0x1000c6938580002 for client /127.0.0.1:53182, probably expired (org.apache.zookeeper.server.ZooKeeperServer)
[2019-02-21 11:58:02,850] INFO Closed socket connection for client /127.0.0.1:53182 which had sessionid 0x1000c6938580002 (org.apache.zookeeper.server.NIOServerCnxn)
[2019-02-21 11:58:02,850] INFO Accepted socket connection from /0:0:0:0:0:0:0:1:53183 (org.apache.zookeeper.server.NIOServerCnxnFactory)
[2019-02-21 11:58:02,852] INFO Client attempting to establish new session at /0:0:0:0:0:0:0:1:53183 (org.apache.zookeeper.server.ZooKeeperServer)
[2019-02-21 11:58:02,854] INFO Established session 0x1000c6938580009 with negotiated timeout 6000 for client /0:0:0:0:0:0:0:1:53183 (org.apache.zookeeper.server.ZooKeeperServer)
[2019-02-21 11:58:02,879] INFO Accepted socket connection from /0:0:0:0:0:0:0:1:53184 (org.apache.zookeeper.server.NIOServerCnxnFactory)
[2019-02-21 11:58:02,879] INFO Client attempting to establish new session at /0:0:0:0:0:0:0:1:53184 (org.apache.zookeeper.server.ZooKeeperServer)
[2019-02-21 11:58:02,891] INFO Established session 0x1000c693858000a with negotiated timeout 6000 for client /0:0:0:0:0:0:0:1:53184 (org.apache.zookeeper.server.ZooKeeperServer)
[2019-02-21 11:58:03,061] INFO Got user-level KeeperException when processing sessionid:0x1000c6938580008 type:multi cxid:0xd4 zxid:0x140 txntype:-1 reqpath:n/a aborting remaining multi ops. Error Path:/admin/reassign_partitions Error:KeeperErrorCode = NoNode for /admin/reassign_partitions (org.apache.zookeeper.server.PrepRequestProcessor)
[2019-02-21 11:58:03,073] INFO Got user-level KeeperException when processing sessionid:0x1000c6938580008 type:multi cxid:0xd6 zxid:0x141 txntype:-1 reqpath:n/a aborting remaining multi ops. Error Path:/admin/preferred_replica_election Error:KeeperErrorCode = NoNode for /admin/preferred_replica_election (org.apache.zookeeper.server.PrepRequestProcessor)
